Using pre-set license
Built from '2020.3/staging' branch; Version is '2020.3.26f1 (7298b473bc1a) revision 7510196'; Using compiler version '192528614'; Build Type 'Release'
OS: 'Windows 11  (10.0.22000) 64bit Core' Language: 'en' Physical Memory: 32665 MB
BatchMode: 1, IsHumanControllingUs: 0, StartBugReporterOnCrash: 0, Is64bit: 1, IsPro: 0

COMMAND LINE ARGUMENTS:
G:\Program Files\Unity Editor\2020.3.26f1\Editor\Unity.exe
-adb2
-batchMode
-noUpm
-name
AssetImportWorker0
-projectPath
G:/Program Files/Unity Projects/Super-Zoomo-Siblings
-logFile
Logs/AssetImportWorker0.log
-srvPort
62134
Successfully changed project path to: G:/Program Files/Unity Projects/Super-Zoomo-Siblings
G:/Program Files/Unity Projects/Super-Zoomo-Siblings
Using Asset Import Pipeline V2.
Refreshing native plugins compatible for Editor in 31.59 ms, found 3 plugins.
Preloading 0 native plugins for Editor in 0.00 ms.
Initialize engine version: 2020.3.26f1 (7298b473bc1a)
[Subsystems] Discovering subsystems at path G:/Program Files/Unity Editor/2020.3.26f1/Editor/Data/Resources/UnitySubsystems
[Subsystems] Discovering subsystems at path G:/Program Files/Unity Projects/Super-Zoomo-Siblings/Assets
GfxDevice: creating device client; threaded=0
Direct3D:
    Version:  Direct3D 11.0 [level 11.1]
    Renderer: NVIDIA GeForce RTX 3070 (ID=0x2488)
    Vendor:   
    VRAM:     8043 MB
    Driver:   30.0.14.9729
Initialize mono
Mono path[0] = 'G:/Program Files/Unity Editor/2020.3.26f1/Editor/Data/Managed'
Mono path[1] = 'G:/Program Files/Unity Editor/2020.3.26f1/Editor/Data/MonoBleedingEdge/lib/mono/unityjit'
Mono config path = 'G:/Program Files/Unity Editor/2020.3.26f1/Editor/Data/MonoBleedingEdge/etc'
Using monoOptions --debugger-agent=transport=dt_socket,embedding=1,server=y,suspend=n,address=127.0.0.1:56464
Begin MonoManager ReloadAssembly
Registering precompiled unity dll's ...
Register platform support module: G:/Program Files/Unity Editor/2020.3.26f1/Editor/Data/PlaybackEngines/WebGLSupport/UnityEditor.WebGL.Extensions.dll
Register platform support module: G:/Program Files/Unity Editor/2020.3.26f1/Editor/Data/PlaybackEngines/WindowsStandaloneSupport/UnityEditor.WindowsStandalone.Extensions.dll
Registered in 0.000571 seconds.
Native extension for WindowsStandalone target not found
Native extension for WebGL target not found
Refreshing native plugins compatible for Editor in 32.33 ms, found 3 plugins.
Preloading 0 native plugins for Editor in 0.00 ms.
Mono: successfully reloaded assembly
- Completed reload, in  0.396 seconds
Domain Reload Profiling:
	ReloadAssembly (396ms)
		BeginReloadAssembly (35ms)
			ExecutionOrderSort (0ms)
			DisableScriptedObjects (0ms)
			BackupInstance (0ms)
			ReleaseScriptingObjects (0ms)
			CreateAndSetChildDomain (1ms)
		EndReloadAssembly (315ms)
			LoadAssemblies (35ms)
			RebuildTransferFunctionScriptingTraits (0ms)
			SetupTypeCache (101ms)
			ReleaseScriptCaches (0ms)
			RebuildScriptCaches (21ms)
			SetupLoadedEditorAssemblies (127ms)
				LogAssemblyErrors (0ms)
				InitializePlatformSupportModulesInManaged (4ms)
				SetLoadedEditorAssemblies (0ms)
				RefreshPlugins (32ms)
				BeforeProcessingInitializeOnLoad (6ms)
				ProcessInitializeOnLoadAttributes (60ms)
				ProcessInitializeOnLoadMethodAttributes (25ms)
				AfterProcessingInitializeOnLoad (0ms)
				EditorAssembliesLoaded (0ms)
			ExecutionOrderSort2 (0ms)
			AwakeInstancesAfterBackupRestoration (0ms)
Platform modules already initialized, skipping
Registering precompiled user dll's ...
Registered in 0.001569 seconds.
Begin MonoManager ReloadAssembly
Native extension for WindowsStandalone target not found
Native extension for WebGL target not found
Refreshing native plugins compatible for Editor in 32.33 ms, found 3 plugins.
Preloading 0 native plugins for Editor in 0.00 ms.
Mono: successfully reloaded assembly
- Completed reload, in  0.735 seconds
Domain Reload Profiling:
	ReloadAssembly (736ms)
		BeginReloadAssembly (95ms)
			ExecutionOrderSort (0ms)
			DisableScriptedObjects (3ms)
			BackupInstance (0ms)
			ReleaseScriptingObjects (0ms)
			CreateAndSetChildDomain (13ms)
		EndReloadAssembly (601ms)
			LoadAssemblies (60ms)
			RebuildTransferFunctionScriptingTraits (0ms)
			SetupTypeCache (204ms)
			ReleaseScriptCaches (0ms)
			RebuildScriptCaches (31ms)
			SetupLoadedEditorAssemblies (233ms)
				LogAssemblyErrors (0ms)
				InitializePlatformSupportModulesInManaged (3ms)
				SetLoadedEditorAssemblies (0ms)
				RefreshPlugins (32ms)
				BeforeProcessingInitializeOnLoad (44ms)
				ProcessInitializeOnLoadAttributes (141ms)
				ProcessInitializeOnLoadMethodAttributes (11ms)
				AfterProcessingInitializeOnLoad (1ms)
				EditorAssembliesLoaded (0ms)
			ExecutionOrderSort2 (0ms)
			AwakeInstancesAfterBackupRestoration (5ms)
Platform modules already initialized, skipping
========================================================================
Worker process is ready to serve import requests
Launched and connected shader compiler UnityShaderCompiler.exe after 0.03 seconds
Refreshing native plugins compatible for Editor in 0.35 ms, found 3 plugins.
Preloading 0 native plugins for Editor in 0.00 ms.
Unloading 2197 Unused Serialized files (Serialized files now loaded: 0)
System memory in use before: 95.8 MB.
System memory in use after: 95.9 MB.

Unloading 28 unused Assets to reduce memory usage. Loaded Objects now: 2630.
Total: 2.968700 ms (FindLiveObjects: 0.165800 ms CreateObjectMapping: 0.041600 ms MarkObjects: 2.657100 ms  DeleteObjects: 0.103200 ms)

AssetImportParameters requested are different than current active one (requested -> active):
  custom:framework-win-MediaFoundation: 216162199b28c13a410421893ffa2e32 -> 
  custom:video-decoder-ogg-theora: a1e56fd34408186e4bbccfd4996cb3dc -> 
  custom:container-muxer-webm: aa71ff27fc2769a1b78a27578f13a17b -> 
  custom:container-demuxer-webm: 4f35f7cbe854078d1ac9338744f61a02 -> 
  custom:container-demuxer-ogg: 62fdf1f143b41e24485cea50d1cbac27 -> 
  custom:video-encoder-webm-vp8: eb34c28f22e8b96e1ab97ce403110664 -> 
  custom:video-codec-MediaFoundation-h265: 746d11721c4dcdbdad8f713fa42b33f4 -> 
  custom:video-decoder-webm-vp8: 9c59270c3fd7afecdb556c50c9e8de78 -> 
  custom:audio-decoder-ogg-vorbis: bf7c407c2cedff20999df2af8eb42d56 -> 
  custom:audio-encoder-webm-vorbis: bf7c407c2cedff20999df2af8eb42d56 -> 
========================================================================
Received Import Request.
  path: Assets/Scenes
  artifactKey: Guid(e093e3cc0c54ad043a31596f27da63e0) Importer(815301076,1909f56bfc062723c751e8b465ee728b)
Start importing Assets/Scenes using Guid(e093e3cc0c54ad043a31596f27da63e0) Importer(815301076,1909f56bfc062723c751e8b465ee728b)  -> (artifact id: '69f1d81d9d64faffed8fbd52442e1eb5') in 0.008571 seconds 
  Import took 0.011802 seconds .

========================================================================
Received Import Request.
  Time since last request: 2.593886 seconds.
  path: Assets
  artifactKey: Guid(00000000000000001000000000000000) Importer(815301076,1909f56bfc062723c751e8b465ee728b)
Start importing Assets using Guid(00000000000000001000000000000000) Importer(815301076,1909f56bfc062723c751e8b465ee728b)  -> (artifact id: '42d402b061de3733987d63b9cc3b64de') in 0.007026 seconds 
  Import took 0.009465 seconds .

========================================================================
Received Import Request.
  Time since last request: 8.247765 seconds.
  path: Assets/Sric
  artifactKey: Guid(9ef24e85576bdb84481f122959d814aa) Importer(815301076,1909f56bfc062723c751e8b465ee728b)
Start importing Assets/Sric using Guid(9ef24e85576bdb84481f122959d814aa) Importer(815301076,1909f56bfc062723c751e8b465ee728b)  -> (artifact id: 'b451ac51822558b37707d18494b585a0') in 0.005203 seconds 
  Import took 0.007791 seconds .

========================================================================
Received Import Request.
  Time since last request: 12.159267 seconds.
  path: Assets/Sricpts
  artifactKey: Guid(9ef24e85576bdb84481f122959d814aa) Importer(815301076,1909f56bfc062723c751e8b465ee728b)
Start importing Assets/Sricpts using Guid(9ef24e85576bdb84481f122959d814aa) Importer(815301076,1909f56bfc062723c751e8b465ee728b)  -> (artifact id: '4de8034e6519f079aa6755f902b51b4a') in 0.006488 seconds 
  Import took 0.008830 seconds .

========================================================================
Received Import Request.
  Time since last request: 12.474366 seconds.
  path: Assets/Scripts
  artifactKey: Guid(9ef24e85576bdb84481f122959d814aa) Importer(815301076,1909f56bfc062723c751e8b465ee728b)
Start importing Assets/Scripts using Guid(9ef24e85576bdb84481f122959d814aa) Importer(815301076,1909f56bfc062723c751e8b465ee728b)  -> (artifact id: '58be94668a3e46a62c3a94a6facea00e') in 0.005740 seconds 
  Import took 0.008213 seconds .

========================================================================
Received Import Request.
  Time since last request: 46.002576 seconds.
  path: Assets/Models
  artifactKey: Guid(9317cbcb32423bf4fa2447923d17c06f) Importer(815301076,1909f56bfc062723c751e8b465ee728b)
Start importing Assets/Models using Guid(9317cbcb32423bf4fa2447923d17c06f) Importer(815301076,1909f56bfc062723c751e8b465ee728b)  -> (artifact id: '470a01b58a2f6ae917c9490f21eed60e') in 0.005769 seconds 
  Import took 0.008337 seconds .

========================================================================
Received Import Request.
  Time since last request: 22.784896 seconds.
  path: Assets/Prefabs
  artifactKey: Guid(dc39542994bcc2c46b68bf982aeb19e1) Importer(815301076,1909f56bfc062723c751e8b465ee728b)
Start importing Assets/Prefabs using Guid(dc39542994bcc2c46b68bf982aeb19e1) Importer(815301076,1909f56bfc062723c751e8b465ee728b)  -> (artifact id: '97db40bb2ab4bcc55fdf441e661508db') in 0.005718 seconds 
  Import took 0.008828 seconds .

AssetImportWorkerClient::OnTransportError - code=2 error=End of file
